<?xml version="1.0" encoding="UTF-8"?>
<testng-results skipped="0" failed="0" ignored="0" total="2" passed="2">
  <reporter-output>
  </reporter-output>
  <suite name="Default suite" duration-ms="38626" started-at="2017-03-10T02:17:12Z" finished-at="2017-03-10T02:17:51Z">
    <groups>
    </groups>
    <test name="Default test" duration-ms="38626" started-at="2017-03-10T02:17:12Z" finished-at="2017-03-10T02:17:51Z">
      <class name="primaryTestNG.TestNGTest1">
        <test-method status="PASS" signature="Test1()[pri:0, instance:primaryTestNG.TestNGTest1@6f7fd0e6]" name="Test1" is-config="true" duration-ms="30013" started-at="2017-03-09T21:17:12Z" finished-at="2017-03-09T21:17:42Z">
          <reporter-output>
          </reporter-output>
        </test-method> <!-- Test1 -->
        <test-method status="PASS" signature="mat()[pri:0, instance:primaryTestNG.TestNGTest1@6f7fd0e6]" name="mat" is-config="true" duration-ms="1450" started-at="2017-03-09T21:17:42Z" finished-at="2017-03-09T21:17:44Z">
          <reporter-output>
          </reporter-output>
        </test-method> <!-- mat -->
        <test-method status="PASS" signature="test2()[pri:0, instance:primaryTestNG.TestNGTest1@6f7fd0e6]" name="test2" duration-ms="259" started-at="2017-03-09T21:17:44Z" finished-at="2017-03-09T21:17:44Z">
          <reporter-output>
          </reporter-output>
        </test-method> <!-- test2 -->
        <test-method status="PASS" signature="mat()[pri:0, instance:primaryTestNG.TestNGTest1@6f7fd0e6]" name="mat" is-config="true" duration-ms="28" started-at="2017-03-09T21:17:44Z" finished-at="2017-03-09T21:17:44Z">
          <reporter-output>
          </reporter-output>
        </test-method> <!-- mat -->
        <test-method status="PASS" signature="test3()[pri:0, instance:primaryTestNG.TestNGTest1@6f7fd0e6]" name="test3" duration-ms="6860" started-at="2017-03-09T21:17:44Z" finished-at="2017-03-09T21:17:51Z">
          <reporter-output>
          </reporter-output>
        </test-method> <!-- test3 -->
      </class> <!-- primaryTestNG.TestNGTest1 -->
    </test> <!-- Default test -->
  </suite> <!-- Default suite -->
</testng-results>
